<?xml version="1.0" encoding="UTF-8"?>
<testng-results skipped="0" failed="1" ignored="0" total="4" passed="3">
  <reporter-output>
  </reporter-output>
  <suite name="Suite" duration-ms="75888" started-at="2019-08-19T19:13:52Z" finished-at="2019-08-19T19:15:08Z">
    <groups>
    </groups>
    <test name="Test" duration-ms="75888" started-at="2019-08-19T19:13:52Z" finished-at="2019-08-19T19:15:08Z">
      <class name="com.framework.app.ValidateTitleTest">
        <test-method status="PASS" signature="setUp()[pri:0, instance:com.framework.app.ValidateTitleTest@124c278f]" name="setUp" is-config="true" duration-ms="15300" started-at="2019-08-19T19:14:12Z" finished-at="2019-08-19T19:14:27Z">
          <reporter-output>
          </reporter-output>
        </test-method> <!-- setUp -->
        <test-method status="FAIL" signature="pageBaseNavigation()[pri:0, instance:com.framework.app.ValidateTitleTest@124c278f]" name="pageBaseNavigation" duration-ms="49" started-at="2019-08-19T19:14:27Z" finished-at="2019-08-19T19:14:27Z">
          <exception class="java.lang.AssertionError">
            <message>
              <![CDATA[expected [FEATURED] but found [FEATURED COURSES]]]>
            </message>
            <full-stacktrace>
              <![CDATA[java.lang.AssertionError: expected [FEATURED] but found [FEATURED COURSES]
at org.testng.Assert.fail(Assert.java:96)
at org.testng.Assert.failNotEquals(Assert.java:776)
at org.testng.Assert.assertEqualsImpl(Assert.java:137)
at org.testng.Assert.assertEquals(Assert.java:118)
at org.testng.Assert.assertEquals(Assert.java:453)
at org.testng.Assert.assertEquals(Assert.java:463)
at com.framework.app.ValidateTitleTest.pageBaseNavigation(ValidateTitleTest.java:33)
at sun.reflect.NativeMethodAccessorImpl.invoke0(Native Method)
at sun.reflect.NativeMethodAccessorImpl.invoke(NativeMethodAccessorImpl.java:62)
at sun.reflect.DelegatingMethodAccessorImpl.invoke(DelegatingMethodAccessorImpl.java:43)
at java.lang.reflect.Method.invoke(Method.java:498)
at org.testng.internal.MethodInvocationHelper.invokeMethod(MethodInvocationHelper.java:124)
at org.testng.internal.Invoker.invokeMethod(Invoker.java:583)
at org.testng.internal.Invoker.invokeTestMethod(Invoker.java:719)
at org.testng.internal.Invoker.invokeTestMethods(Invoker.java:989)
at org.testng.internal.TestMethodWorker.invokeTestMethods(TestMethodWorker.java:125)
at org.testng.internal.TestMethodWorker.run(TestMethodWorker.java:109)
at org.testng.TestRunner.privateRun(TestRunner.java:648)
at org.testng.TestRunner.run(TestRunner.java:505)
at org.testng.SuiteRunner.runTest(SuiteRunner.java:455)
at org.testng.SuiteRunner.runSequentially(SuiteRunner.java:450)
at org.testng.SuiteRunner.privateRun(SuiteRunner.java:415)
at org.testng.SuiteRunner.run(SuiteRunner.java:364)
at org.testng.SuiteRunnerWorker.runSuite(SuiteRunnerWorker.java:52)
at org.testng.SuiteRunnerWorker.run(SuiteRunnerWorker.java:84)
at org.testng.TestNG.runSuitesSequentially(TestNG.java:1208)
at org.testng.TestNG.runSuitesLocally(TestNG.java:1137)
at org.testng.TestNG.runSuites(TestNG.java:1049)
at org.testng.TestNG.run(TestNG.java:1017)
at org.apache.maven.surefire.testng.TestNGExecutor.run(TestNGExecutor.java:283)
at org.apache.maven.surefire.testng.TestNGXmlTestSuite.execute(TestNGXmlTestSuite.java:75)
at org.apache.maven.surefire.testng.TestNGProvider.invoke(TestNGProvider.java:120)
at org.apache.maven.surefire.booter.ForkedBooter.invokeProviderInSameClassLoader(ForkedBooter.java:384)
at org.apache.maven.surefire.booter.ForkedBooter.runSuitesInProcess(ForkedBooter.java:345)
at org.apache.maven.surefire.booter.ForkedBooter.execute(ForkedBooter.java:126)
at org.apache.maven.surefire.booter.ForkedBooter.main(ForkedBooter.java:418)
]]>
            </full-stacktrace>
          </exception> <!-- java.lang.AssertionError -->
          <reporter-output>
          </reporter-output>
        </test-method> <!-- pageBaseNavigation -->
        <test-method status="PASS" signature="TearDown()[pri:0, instance:com.framework.app.ValidateTitleTest@124c278f]" name="TearDown" is-config="true" duration-ms="881" started-at="2019-08-19T19:14:28Z" finished-at="2019-08-19T19:14:29Z">
          <reporter-output>
          </reporter-output>
        </test-method> <!-- TearDown -->
      </class> <!-- com.framework.app.ValidateTitleTest -->
      <class name="com.framework.app.HomePageTest">
        <test-method status="PASS" signature="setUp()[pri:0, instance:com.framework.app.HomePageTest@15b204a1]" name="setUp" is-config="true" duration-ms="14912" started-at="2019-08-19T19:14:29Z" finished-at="2019-08-19T19:14:44Z">
          <reporter-output>
          </reporter-output>
        </test-method> <!-- setUp -->
        <test-method status="PASS" signature="pageBaseNavigation(java.lang.String, java.lang.String)[pri:0, instance:com.framework.app.HomePageTest@15b204a1]" name="pageBaseNavigation" duration-ms="5517" started-at="2019-08-19T19:14:44Z" data-provider="getData" finished-at="2019-08-19T19:14:49Z">
          <params>
            <param index="0">
              <value>
                <![CDATA[abc@gmail.com]]>
              </value>
            </param>
            <param index="1">
              <value>
                <![CDATA[efgh]]>
              </value>
            </param>
          </params>
          <reporter-output>
          </reporter-output>
        </test-method> <!-- pageBaseNavigation -->
        <test-method status="PASS" signature="TearDown()[pri:0, instance:com.framework.app.HomePageTest@15b204a1]" name="TearDown" is-config="true" duration-ms="925" started-at="2019-08-19T19:14:49Z" finished-at="2019-08-19T19:14:50Z">
          <reporter-output>
          </reporter-output>
        </test-method> <!-- TearDown -->
        <test-method status="PASS" signature="setUp()[pri:0, instance:com.framework.app.HomePageTest@15b204a1]" name="setUp" is-config="true" duration-ms="12293" started-at="2019-08-19T19:14:50Z" finished-at="2019-08-19T19:15:02Z">
          <reporter-output>
          </reporter-output>
        </test-method> <!-- setUp -->
        <test-method status="PASS" signature="pageBaseNavigation(java.lang.String, java.lang.String)[pri:0, instance:com.framework.app.HomePageTest@15b204a1]" name="pageBaseNavigation" duration-ms="4936" started-at="2019-08-19T19:15:02Z" data-provider="getData" finished-at="2019-08-19T19:15:07Z">
          <params>
            <param index="0">
              <value>
                <![CDATA[bcd@gmail.com]]>
              </value>
            </param>
            <param index="1">
              <value>
                <![CDATA[lmno]]>
              </value>
            </param>
          </params>
          <reporter-output>
          </reporter-output>
        </test-method> <!-- pageBaseNavigation -->
        <test-method status="PASS" signature="TearDown()[pri:0, instance:com.framework.app.HomePageTest@15b204a1]" name="TearDown" is-config="true" duration-ms="869" started-at="2019-08-19T19:15:07Z" finished-at="2019-08-19T19:15:08Z">
          <reporter-output>
          </reporter-output>
        </test-method> <!-- TearDown -->
      </class> <!-- com.framework.app.HomePageTest -->
      <class name="com.framework.app.ValidateMenuItemTest">
        <test-method status="PASS" signature="setUp()[pri:0, instance:com.framework.app.ValidateMenuItemTest@61dd025]" name="setUp" is-config="true" duration-ms="18634" started-at="2019-08-19T19:13:52Z" finished-at="2019-08-19T19:14:11Z">
          <reporter-output>
          </reporter-output>
        </test-method> <!-- setUp -->
        <test-method status="PASS" signature="pageBaseNavigation()[pri:0, instance:com.framework.app.ValidateMenuItemTest@61dd025]" name="pageBaseNavigation" duration-ms="125" started-at="2019-08-19T19:14:11Z" finished-at="2019-08-19T19:14:11Z">
          <reporter-output>
          </reporter-output>
        </test-method> <!-- pageBaseNavigation -->
        <test-method status="PASS" signature="TearDown()[pri:0, instance:com.framework.app.ValidateMenuItemTest@61dd025]" name="TearDown" is-config="true" duration-ms="925" started-at="2019-08-19T19:14:11Z" finished-at="2019-08-19T19:14:12Z">
          <reporter-output>
          </reporter-output>
        </test-method> <!-- TearDown -->
      </class> <!-- com.framework.app.ValidateMenuItemTest -->
    </test> <!-- Test -->
  </suite> <!-- Suite -->
</testng-results>
