<?xml version="1.0" encoding="UTF-8"?>
<testng-results ignored="0" total="4" passed="3" failed="1" skipped="0">
  <reporter-output>
  </reporter-output>
  <suite started-at="2019-08-19T20:41:00Z" name="Suite" finished-at="2019-08-19T20:42:01Z" duration-ms="60979">
    <groups>
    </groups>
    <test started-at="2019-08-19T20:41:00Z" name="Test" finished-at="2019-08-19T20:42:01Z" duration-ms="60979">
      <class name="com.framework.app.ValidateTitleTest">
        <test-method is-config="true" signature="setUp()[pri:0, instance:com.framework.app.ValidateTitleTest@40844aab]" started-at="2019-08-19T20:41:16Z" name="setUp" finished-at="2019-08-19T20:41:27Z" duration-ms="11534" status="PASS">
          <reporter-output>
          </reporter-output>
        </test-method> <!-- setUp -->
        <test-method signature="pageBaseNavigation()[pri:0, instance:com.framework.app.ValidateTitleTest@40844aab]" started-at="2019-08-19T20:41:27Z" name="pageBaseNavigation" finished-at="2019-08-19T20:41:27Z" duration-ms="25" status="FAIL">
          <exception class="java.lang.AssertionError">
            <message>
              <![CDATA[expected [FEATURED] but found [FEATURED COURSES]]]>
            </message>
            <full-stacktrace>
              <![CDATA[java.lang.AssertionError: expected [FEATURED] but found [FEATURED COURSES]
at org.testng.Assert.fail(Assert.java:96)
at org.testng.Assert.failNotEquals(Assert.java:776)
at org.testng.Assert.assertEqualsImpl(Assert.java:137)
at org.testng.Assert.assertEquals(Assert.java:118)
at org.testng.Assert.assertEquals(Assert.java:453)
at org.testng.Assert.assertEquals(Assert.java:463)
at com.framework.app.ValidateTitleTest.pageBaseNavigation(ValidateTitleTest.java:33)
at java.base/jdk.internal.reflect.NativeMethodAccessorImpl.invoke0(Native Method)
at java.base/jdk.internal.reflect.NativeMethodAccessorImpl.invoke(NativeMethodAccessorImpl.java:62)
at java.base/jdk.internal.reflect.DelegatingMethodAccessorImpl.invoke(DelegatingMethodAccessorImpl.java:43)
at java.base/java.lang.reflect.Method.invoke(Method.java:566)
at org.testng.internal.MethodInvocationHelper.invokeMethod(MethodInvocationHelper.java:124)
at org.testng.internal.Invoker.invokeMethod(Invoker.java:583)
at org.testng.internal.Invoker.invokeTestMethod(Invoker.java:719)
at org.testng.internal.Invoker.invokeTestMethods(Invoker.java:989)
at org.testng.internal.TestMethodWorker.invokeTestMethods(TestMethodWorker.java:125)
at org.testng.internal.TestMethodWorker.run(TestMethodWorker.java:109)
at org.testng.TestRunner.privateRun(TestRunner.java:648)
at org.testng.TestRunner.run(TestRunner.java:505)
at org.testng.SuiteRunner.runTest(SuiteRunner.java:455)
at org.testng.SuiteRunner.runSequentially(SuiteRunner.java:450)
at org.testng.SuiteRunner.privateRun(SuiteRunner.java:415)
at org.testng.SuiteRunner.run(SuiteRunner.java:364)
at org.testng.SuiteRunnerWorker.runSuite(SuiteRunnerWorker.java:52)
at org.testng.SuiteRunnerWorker.run(SuiteRunnerWorker.java:84)
at org.testng.TestNG.runSuitesSequentially(TestNG.java:1208)
at org.testng.TestNG.runSuitesLocally(TestNG.java:1137)
at org.testng.TestNG.runSuites(TestNG.java:1049)
at org.testng.TestNG.run(TestNG.java:1017)
at org.testng.remote.AbstractRemoteTestNG.run(AbstractRemoteTestNG.java:115)
at org.testng.remote.RemoteTestNG.initAndRun(RemoteTestNG.java:251)
at org.testng.remote.RemoteTestNG.main(RemoteTestNG.java:77)
]]>
            </full-stacktrace>
          </exception> <!-- java.lang.AssertionError -->
          <reporter-output>
          </reporter-output>
        </test-method> <!-- pageBaseNavigation -->
        <test-method is-config="true" signature="TearDown()[pri:0, instance:com.framework.app.ValidateTitleTest@40844aab]" started-at="2019-08-19T20:41:28Z" name="TearDown" finished-at="2019-08-19T20:41:28Z" duration-ms="880" status="PASS">
          <reporter-output>
          </reporter-output>
        </test-method> <!-- TearDown -->
      </class> <!-- com.framework.app.ValidateTitleTest -->
      <class name="com.framework.app.HomePageTest">
        <test-method is-config="true" signature="setUp()[pri:0, instance:com.framework.app.HomePageTest@1f6c9cd8]" started-at="2019-08-19T20:41:28Z" name="setUp" finished-at="2019-08-19T20:41:39Z" duration-ms="10744" status="PASS">
          <reporter-output>
          </reporter-output>
        </test-method> <!-- setUp -->
        <test-method signature="pageBaseNavigation(java.lang.String, java.lang.String)[pri:0, instance:com.framework.app.HomePageTest@1f6c9cd8]" started-at="2019-08-19T20:41:39Z" name="pageBaseNavigation" data-provider="getData" finished-at="2019-08-19T20:41:44Z" duration-ms="5239" status="PASS">
          <params>
            <param index="0">
              <value>
                <![CDATA[abc@gmail.com]]>
              </value>
            </param>
            <param index="1">
              <value>
                <![CDATA[efgh]]>
              </value>
            </param>
          </params>
          <reporter-output>
          </reporter-output>
        </test-method> <!-- pageBaseNavigation -->
        <test-method is-config="true" signature="TearDown()[pri:0, instance:com.framework.app.HomePageTest@1f6c9cd8]" started-at="2019-08-19T20:41:44Z" name="TearDown" finished-at="2019-08-19T20:41:45Z" duration-ms="761" status="PASS">
          <reporter-output>
          </reporter-output>
        </test-method> <!-- TearDown -->
        <test-method is-config="true" signature="setUp()[pri:0, instance:com.framework.app.HomePageTest@1f6c9cd8]" started-at="2019-08-19T20:41:45Z" name="setUp" finished-at="2019-08-19T20:41:56Z" duration-ms="10608" status="PASS">
          <reporter-output>
          </reporter-output>
        </test-method> <!-- setUp -->
        <test-method signature="pageBaseNavigation(java.lang.String, java.lang.String)[pri:0, instance:com.framework.app.HomePageTest@1f6c9cd8]" started-at="2019-08-19T20:41:56Z" name="pageBaseNavigation" data-provider="getData" finished-at="2019-08-19T20:42:00Z" duration-ms="4665" status="PASS">
          <params>
            <param index="0">
              <value>
                <![CDATA[bcd@gmail.com]]>
              </value>
            </param>
            <param index="1">
              <value>
                <![CDATA[lmno]]>
              </value>
            </param>
          </params>
          <reporter-output>
          </reporter-output>
        </test-method> <!-- pageBaseNavigation -->
        <test-method is-config="true" signature="TearDown()[pri:0, instance:com.framework.app.HomePageTest@1f6c9cd8]" started-at="2019-08-19T20:42:00Z" name="TearDown" finished-at="2019-08-19T20:42:01Z" duration-ms="726" status="PASS">
          <reporter-output>
          </reporter-output>
        </test-method> <!-- TearDown -->
      </class> <!-- com.framework.app.HomePageTest -->
      <class name="com.framework.app.ValidateMenuItemTest">
        <test-method is-config="true" signature="setUp()[pri:0, instance:com.framework.app.ValidateMenuItemTest@42721fe]" started-at="2019-08-19T20:41:00Z" name="setUp" finished-at="2019-08-19T20:41:15Z" duration-ms="14544" status="PASS">
          <reporter-output>
          </reporter-output>
        </test-method> <!-- setUp -->
        <test-method signature="pageBaseNavigation()[pri:0, instance:com.framework.app.ValidateMenuItemTest@42721fe]" started-at="2019-08-19T20:41:15Z" name="pageBaseNavigation" finished-at="2019-08-19T20:41:15Z" duration-ms="71" status="PASS">
          <reporter-output>
          </reporter-output>
        </test-method> <!-- pageBaseNavigation -->
        <test-method is-config="true" signature="TearDown()[pri:0, instance:com.framework.app.ValidateMenuItemTest@42721fe]" started-at="2019-08-19T20:41:15Z" name="TearDown" finished-at="2019-08-19T20:41:16Z" duration-ms="781" status="PASS">
          <reporter-output>
          </reporter-output>
        </test-method> <!-- TearDown -->
      </class> <!-- com.framework.app.ValidateMenuItemTest -->
    </test> <!-- Test -->
  </suite> <!-- Suite -->
</testng-results>
